<?xml version="1.0" encoding="UTF-8"?>
<!-- Generated by org.testng.reporters.JUnitXMLReporter -->
<testsuite hostname="DESKTOP-TL2RU30" ignored="1" name="Default test" tests="1" failures="0" timestamp="2021-03-12T16:34:59 CET" time="0.139" errors="0">
  <testcase name="BrowserAutomation" time="0.017" classname="qaclickacademy.Mavenjava.SelenuimTest"/>
  <testcase name="elementsUI" time="0.0" classname="qaclickacademy.Mavenjava.SelenuimTest">
    <ignored/>
  </testcase> <!-- elementsUI -->
</testsuite> <!-- Default test -->
