<?xml version="1.0" encoding="UTF-8"?>
<!-- Generated by org.testng.reporters.JUnitXMLReporter -->
<testsuite hostname="DESKTOP-TL2RU30" ignored="0" name="Test" tests="6" failures="0" timestamp="2021-03-15T17:23:23 CET" time="0.153" errors="0">
  <testcase name="BrowserAutomation" time="0.02" classname="qaclickacademy.Mavenjava.SelenuimTest"/>
  <testcase name="elementsUI" time="0.003" classname="qaclickacademy.Mavenjava.SelenuimTest"/>
  <testcase name="delecteTwitter" time="0.005" classname="qaclickacademy.Mavenjava.RESTAPITest"/>
  <testcase name="postJira" time="0.003" classname="qaclickacademy.Mavenjava.RESTAPITest"/>
  <testcase name="IOSApps" time="0.006" classname="qaclickacademy.Mavenjava.AppiumTest"/>
  <testcase name="NativeAPpAndroid" time="0.006" classname="qaclickacademy.Mavenjava.AppiumTest"/>
</testsuite> <!-- Test -->
