<?xml version="1.0" encoding="UTF-8"?>
<!-- Generated by org.testng.reporters.JUnitXMLReporter -->
<testsuite hostname="DESKTOP-TL2RU30" name="Command line test" tests="6" failures="0" timestamp="12 Mar 2021 17:50:53 GMT" time="0.036" errors="0">
  <testcase name="IOSApps" time="0.013" classname="qaclickacademy.Mavenjava.AppiumTest"/>
  <testcase name="NativeAPpAndroid" time="0.0" classname="qaclickacademy.Mavenjava.AppiumTest"/>
  <testcase name="delecteTwitter" time="0.001" classname="qaclickacademy.Mavenjava.RESTAPITest"/>
  <testcase name="postJira" time="0.0" classname="qaclickacademy.Mavenjava.RESTAPITest"/>
  <testcase name="BrowserAutomation" time="0.0" classname="qaclickacademy.Mavenjava.SelenuimTest"/>
  <testcase name="elementsUI" time="0.0" classname="qaclickacademy.Mavenjava.SelenuimTest"/>
</testsuite> <!-- Command line test -->
