<?xml version="1.0" encoding="UTF-8"?>
<testng-results skipped="0" failed="0" total="6" passed="6">
  <reporter-output>
  </reporter-output>
  <suite name="Command line suite" duration-ms="36" started-at="2021-03-12T17:50:52Z" finished-at="2021-03-12T17:50:52Z">
    <groups>
    </groups>
    <test name="Command line test" duration-ms="36" started-at="2021-03-12T17:50:52Z" finished-at="2021-03-12T17:50:52Z">
      <class name="qaclickacademy.Mavenjava.AppiumTest">
        <test-method status="PASS" signature="IOSApps()[pri:0, instance:qaclickacademy.Mavenjava.AppiumTest@2ef9b8bc]" name="IOSApps" duration-ms="13" started-at="2021-03-12T18:50:52Z" finished-at="2021-03-12T18:50:52Z">
          <reporter-output>
          </reporter-output>
        </test-method> <!-- IOSApps -->
        <test-method status="PASS" signature="NativeAPpAndroid()[pri:0, instance:qaclickacademy.Mavenjava.AppiumTest@2ef9b8bc]" name="NativeAPpAndroid" duration-ms="0" started-at="2021-03-12T18:50:52Z" finished-at="2021-03-12T18:50:52Z">
          <reporter-output>
          </reporter-output>
        </test-method> <!-- NativeAPpAndroid -->
      </class> <!-- qaclickacademy.Mavenjava.AppiumTest -->
      <class name="qaclickacademy.Mavenjava.SelenuimTest">
        <test-method status="PASS" signature="BrowserAutomation()[pri:0, instance:qaclickacademy.Mavenjava.SelenuimTest@3f2a3a5]" name="BrowserAutomation" duration-ms="0" started-at="2021-03-12T18:50:52Z" finished-at="2021-03-12T18:50:52Z">
          <reporter-output>
          </reporter-output>
        </test-method> <!-- BrowserAutomation -->
        <test-method status="PASS" signature="elementsUI()[pri:0, instance:qaclickacademy.Mavenjava.SelenuimTest@3f2a3a5]" name="elementsUI" duration-ms="0" started-at="2021-03-12T18:50:52Z" finished-at="2021-03-12T18:50:52Z">
          <reporter-output>
          </reporter-output>
        </test-method> <!-- elementsUI -->
      </class> <!-- qaclickacademy.Mavenjava.SelenuimTest -->
      <class name="qaclickacademy.Mavenjava.RESTAPITest">
        <test-method status="PASS" signature="delecteTwitter()[pri:0, instance:qaclickacademy.Mavenjava.RESTAPITest@60addb54]" name="delecteTwitter" duration-ms="1" started-at="2021-03-12T18:50:52Z" finished-at="2021-03-12T18:50:52Z">
          <reporter-output>
          </reporter-output>
        </test-method> <!-- delecteTwitter -->
        <test-method status="PASS" signature="postJira()[pri:0, instance:qaclickacademy.Mavenjava.RESTAPITest@60addb54]" name="postJira" duration-ms="0" started-at="2021-03-12T18:50:52Z" finished-at="2021-03-12T18:50:52Z">
          <reporter-output>
          </reporter-output>
        </test-method> <!-- postJira -->
      </class> <!-- qaclickacademy.Mavenjava.RESTAPITest -->
    </test> <!-- Command line test -->
  </suite> <!-- Command line suite -->
</testng-results>
