<?xml version="1.0" encoding="UTF-8"?>
<testng-results skipped="0" failed="0" ignored="0" total="6" passed="6">
  <reporter-output>
  </reporter-output>
  <suite name="Suite" duration-ms="153" started-at="2021-03-15T17:23:23 CET" finished-at="2021-03-15T17:23:23 CET">
    <groups>
    </groups>
    <test name="Test" duration-ms="153" started-at="2021-03-15T17:23:23 CET" finished-at="2021-03-15T17:23:23 CET">
      <class name="qaclickacademy.Mavenjava.SelenuimTest">
        <test-method status="PASS" signature="BrowserAutomation()[pri:0, instance:qaclickacademy.Mavenjava.SelenuimTest@5faeada1]" name="BrowserAutomation" duration-ms="20" started-at="2021-03-15T17:23:23 CET" finished-at="2021-03-15T17:23:23 CET">
          <reporter-output>
          </reporter-output>
        </test-method> <!-- BrowserAutomation -->
        <test-method status="PASS" signature="elementsUI()[pri:0, instance:qaclickacademy.Mavenjava.SelenuimTest@5faeada1]" name="elementsUI" duration-ms="3" started-at="2021-03-15T17:23:23 CET" finished-at="2021-03-15T17:23:23 CET">
          <reporter-output>
          </reporter-output>
        </test-method> <!-- elementsUI -->
      </class> <!-- qaclickacademy.Mavenjava.SelenuimTest -->
      <class name="qaclickacademy.Mavenjava.AppiumTest">
        <test-method status="PASS" signature="IOSApps()[pri:0, instance:qaclickacademy.Mavenjava.AppiumTest@ea1a8d5]" name="IOSApps" duration-ms="6" started-at="2021-03-15T17:23:23 CET" finished-at="2021-03-15T17:23:23 CET">
          <reporter-output>
          </reporter-output>
        </test-method> <!-- IOSApps -->
        <test-method status="PASS" signature="NativeAPpAndroid()[pri:0, instance:qaclickacademy.Mavenjava.AppiumTest@ea1a8d5]" name="NativeAPpAndroid" duration-ms="6" started-at="2021-03-15T17:23:23 CET" finished-at="2021-03-15T17:23:23 CET">
          <reporter-output>
          </reporter-output>
        </test-method> <!-- NativeAPpAndroid -->
      </class> <!-- qaclickacademy.Mavenjava.AppiumTest -->
      <class name="qaclickacademy.Mavenjava.RESTAPITest">
        <test-method status="PASS" signature="delecteTwitter()[pri:0, instance:qaclickacademy.Mavenjava.RESTAPITest@528931cf]" name="delecteTwitter" duration-ms="5" started-at="2021-03-15T17:23:23 CET" finished-at="2021-03-15T17:23:23 CET">
          <reporter-output>
          </reporter-output>
        </test-method> <!-- delecteTwitter -->
        <test-method status="PASS" signature="postJira()[pri:0, instance:qaclickacademy.Mavenjava.RESTAPITest@528931cf]" name="postJira" duration-ms="3" started-at="2021-03-15T17:23:23 CET" finished-at="2021-03-15T17:23:23 CET">
          <reporter-output>
          </reporter-output>
        </test-method> <!-- postJira -->
      </class> <!-- qaclickacademy.Mavenjava.RESTAPITest -->
    </test> <!-- Test -->
  </suite> <!-- Suite -->
</testng-results>
